<?xml version="1.0" encoding="UTF-8"?>
<testsuite errors="1" failures="0" name="application.tests.TestApi-20180105172627" skipped="0" tests="5" time="1.274">
	<testcase classname="application.tests.TestApi" name="test_orderRequest" time="1.056"/>
	<testcase classname="application.tests.TestApi" name="test_serializerError" time="0.047"/>
	<testcase classname="application.tests.TestApi" name="test_setApiKey" time="0.000"/>
	<testcase classname="application.tests.TestApi" name="test_worldpayError" time="0.172"/>
	<testcase classname="application.tests.TestApi" name="test_getOrderInfo" time="0.000">
		<error message="name 'apiKey' is not defined" type="NameError">
<![CDATA[Traceback (most recent call last):
  File "C:\Users\stylesm\Desktop\test\OFS-MORE-Beta-Secured\source\payment_gateway\application\tests.py", line 75, in test_getOrderInfo
    header = {'content-type': 'application/json','Authorization':apiKey}
NameError: name 'apiKey' is not defined
]]>		</error>
	</testcase>
	<system-out>
<![CDATA[]]>	</system-out>
	<system-err>
<![CDATA[]]>	</system-err>
</testsuite>
